{"/Users/adb/dev/salling_group_app/App.tsx": {"path":"/Users/adb/dev/salling_group_app/App.tsx","statementMap":{"0":{"start":{"line":23,"column":12},"end":{"line":43,"column":1}},"1":{"start":{"line":24,"column":2},"end":{"line":42,"column":4}},"2":{"start":{"line":45,"column":15},"end":{"line":49,"column":2}}},"fnMap":{"0":{"name":"(anonymous_0)","decl":{"start":{"line":23,"column":12},"end":{"line":23,"column":13}},"loc":{"start":{"line":23,"column":38},"end":{"line":43,"column":1}},"line":23}},"branchMap":{},"s":{"0":1,"1":1,"2":1},"f":{"0":1},"b":{},"_coverageSchema":"1a1c01bbd47fc00a2c39e90264f33305004495a9","hash":"40b47a7ad0c6583f791ce4bfdae3586f06d6934c"}
,"/Users/adb/dev/salling_group_app/src/redux/rootReducer.ts": {"path":"/Users/adb/dev/salling_group_app/src/redux/rootReducer.ts","statementMap":{"0":{"start":{"line":5,"column":19},"end":{"line":7,"column":2}},"1":{"start":{"line":11,"column":20},"end":{"line":17,"column":1}},"2":{"start":{"line":12,"column":2},"end":{"line":14,"column":3}},"3":{"start":{"line":13,"column":4},"end":{"line":13,"column":41}},"4":{"start":{"line":16,"column":2},"end":{"line":16,"column":35}}},"fnMap":{"0":{"name":"(anonymous_0)","decl":{"start":{"line":11,"column":20},"end":{"line":11,"column":21}},"loc":{"start":{"line":11,"column":39},"end":{"line":17,"column":1}},"line":11}},"branchMap":{"0":{"loc":{"start":{"line":12,"column":2},"end":{"line":14,"column":3}},"type":"if","locations":[{"start":{"line":12,"column":2},"end":{"line":14,"column":3}},{"start":{"line":12,"column":2},"end":{"line":14,"column":3}}],"line":12}},"s":{"0":1,"1":1,"2":1,"3":0,"4":1},"f":{"0":1},"b":{"0":[0,1]},"_coverageSchema":"1a1c01bbd47fc00a2c39e90264f33305004495a9","hash":"9a88cac512eb03b61a8e95d973342177ab35412f"}
,"/Users/adb/dev/salling_group_app/src/redux/store.ts": {"path":"/Users/adb/dev/salling_group_app/src/redux/store.ts","statementMap":{"0":{"start":{"line":5,"column":14},"end":{"line":5,"column":67}}},"fnMap":{},"branchMap":{},"s":{"0":1},"f":{},"b":{},"_coverageSchema":"1a1c01bbd47fc00a2c39e90264f33305004495a9","hash":"214c221b9ef5b9f5892dbb8e2d303b2a9f20750f"}
,"/Users/adb/dev/salling_group_app/src/redux/types.ts": {"path":"/Users/adb/dev/salling_group_app/src/redux/types.ts","statementMap":{"0":{"start":{"line":2,"column":27},"end":{"line":2,"column":40}},"1":{"start":{"line":5,"column":27},"end":{"line":5,"column":40}}},"fnMap":{},"branchMap":{},"s":{"0":1,"1":1},"f":{},"b":{},"_coverageSchema":"1a1c01bbd47fc00a2c39e90264f33305004495a9","hash":"311f83762c7c45c2a44939a9313f2f7c9e3a86ee"}
,"/Users/adb/dev/salling_group_app/src/redux/actions/index.ts": {"path":"/Users/adb/dev/salling_group_app/src/redux/actions/index.ts","statementMap":{},"fnMap":{},"branchMap":{},"s":{},"f":{},"b":{},"_coverageSchema":"1a1c01bbd47fc00a2c39e90264f33305004495a9","hash":"7004c0a94bb9250361f2aabacdde7a2fa1afeea2"}
,"/Users/adb/dev/salling_group_app/src/redux/actions/ui.ts": {"path":"/Users/adb/dev/salling_group_app/src/redux/actions/ui.ts","statementMap":{"0":{"start":{"line":3,"column":26},"end":{"line":8,"column":1}},"1":{"start":{"line":4,"column":2},"end":{"line":7,"column":4}}},"fnMap":{"0":{"name":"(anonymous_0)","decl":{"start":{"line":3,"column":26},"end":{"line":3,"column":27}},"loc":{"start":{"line":3,"column":50},"end":{"line":8,"column":1}},"line":3}},"branchMap":{},"s":{"0":1,"1":0},"f":{"0":0},"b":{},"_coverageSchema":"1a1c01bbd47fc00a2c39e90264f33305004495a9","hash":"a5596172f9ae459f6489d1162211a55b321ae598"}
,"/Users/adb/dev/salling_group_app/src/redux/functions/index.ts": {"path":"/Users/adb/dev/salling_group_app/src/redux/functions/index.ts","statementMap":{},"fnMap":{},"branchMap":{},"s":{},"f":{},"b":{},"_coverageSchema":"1a1c01bbd47fc00a2c39e90264f33305004495a9","hash":"b34b5d1a4deece553c15a235b9ae310ced39f34a"}
,"/Users/adb/dev/salling_group_app/src/redux/functions/ui.ts": {"path":"/Users/adb/dev/salling_group_app/src/redux/functions/ui.ts","statementMap":{"0":{"start":{"line":4,"column":26},"end":{"line":6,"column":1}},"1":{"start":{"line":5,"column":2},"end":{"line":5,"column":51}}},"fnMap":{"0":{"name":"(anonymous_0)","decl":{"start":{"line":4,"column":26},"end":{"line":4,"column":27}},"loc":{"start":{"line":4,"column":50},"end":{"line":6,"column":1}},"line":4}},"branchMap":{},"s":{"0":1,"1":0},"f":{"0":0},"b":{},"_coverageSchema":"1a1c01bbd47fc00a2c39e90264f33305004495a9","hash":"6c03a9f3b4eff6331803ee4e3f86d975ff8a35a9"}
,"/Users/adb/dev/salling_group_app/src/redux/reducers/index.ts": {"path":"/Users/adb/dev/salling_group_app/src/redux/reducers/index.ts","statementMap":{},"fnMap":{},"branchMap":{},"s":{},"f":{},"b":{},"_coverageSchema":"1a1c01bbd47fc00a2c39e90264f33305004495a9","hash":"e83408222c1657b1aecf92065340f93bc7e5bd86"}
,"/Users/adb/dev/salling_group_app/src/redux/reducers/ui.ts": {"path":"/Users/adb/dev/salling_group_app/src/redux/reducers/ui.ts","statementMap":{"0":{"start":{"line":3,"column":21},"end":{"line":5,"column":1}},"1":{"start":{"line":7,"column":25},"end":{"line":20,"column":1}},"2":{"start":{"line":8,"column":2},"end":{"line":19,"column":3}},"3":{"start":{"line":10,"column":6},"end":{"line":13,"column":8}},"4":{"start":{"line":16,"column":6},"end":{"line":18,"column":8}}},"fnMap":{"0":{"name":"(anonymous_0)","decl":{"start":{"line":7,"column":25},"end":{"line":7,"column":26}},"loc":{"start":{"line":7,"column":64},"end":{"line":20,"column":1}},"line":7}},"branchMap":{"0":{"loc":{"start":{"line":7,"column":26},"end":{"line":7,"column":46}},"type":"default-arg","locations":[{"start":{"line":7,"column":34},"end":{"line":7,"column":46}}],"line":7},"1":{"loc":{"start":{"line":8,"column":2},"end":{"line":19,"column":3}},"type":"switch","locations":[{"start":{"line":9,"column":4},"end":{"line":13,"column":8}},{"start":{"line":15,"column":4},"end":{"line":18,"column":8}}],"line":8}},"s":{"0":1,"1":1,"2":3,"3":0,"4":3},"f":{"0":3},"b":{"0":[3],"1":[0,3]},"_coverageSchema":"1a1c01bbd47fc00a2c39e90264f33305004495a9","hash":"6f727dbbb31112f59367d220a9a90ec20758aa90"}
,"/Users/adb/dev/salling_group_app/src/screens/Test.tsx": {"path":"/Users/adb/dev/salling_group_app/src/screens/Test.tsx","statementMap":{"0":{"start":{"line":20,"column":12},"end":{"line":60,"column":1}},"1":{"start":{"line":21,"column":16},"end":{"line":21,"column":26}},"2":{"start":{"line":22,"column":2},"end":{"line":22,"column":30}},"3":{"start":{"line":24,"column":13},"end":{"line":24,"column":57}},"4":{"start":{"line":24,"column":38},"end":{"line":24,"column":54}},"5":{"start":{"line":25,"column":2},"end":{"line":25,"column":24}},"6":{"start":{"line":27,"column":2},"end":{"line":59,"column":4}},"7":{"start":{"line":36,"column":12},"end":{"line":36,"column":31}},"8":{"start":{"line":37,"column":12},"end":{"line":37,"column":28}},"9":{"start":{"line":43,"column":12},"end":{"line":43,"column":42}},"10":{"start":{"line":49,"column":12},"end":{"line":49,"column":43}}},"fnMap":{"0":{"name":"(anonymous_0)","decl":{"start":{"line":20,"column":12},"end":{"line":20,"column":13}},"loc":{"start":{"line":20,"column":38},"end":{"line":60,"column":1}},"line":20},"1":{"name":"(anonymous_1)","decl":{"start":{"line":24,"column":25},"end":{"line":24,"column":26}},"loc":{"start":{"line":24,"column":36},"end":{"line":24,"column":56}},"line":24},"2":{"name":"(anonymous_2)","decl":{"start":{"line":35,"column":19},"end":{"line":35,"column":20}},"loc":{"start":{"line":35,"column":25},"end":{"line":38,"column":11}},"line":35},"3":{"name":"(anonymous_3)","decl":{"start":{"line":42,"column":19},"end":{"line":42,"column":20}},"loc":{"start":{"line":42,"column":25},"end":{"line":44,"column":11}},"line":42},"4":{"name":"(anonymous_4)","decl":{"start":{"line":48,"column":19},"end":{"line":48,"column":20}},"loc":{"start":{"line":48,"column":25},"end":{"line":50,"column":11}},"line":48}},"branchMap":{"0":{"loc":{"start":{"line":52,"column":9},"end":{"line":56,"column":9}},"type":"cond-expr","locations":[{"start":{"line":53,"column":10},"end":{"line":53,"column":27}},{"start":{"line":55,"column":10},"end":{"line":55,"column":28}}],"line":52}},"s":{"0":1,"1":1,"2":1,"3":1,"4":2,"5":1,"6":1,"7":0,"8":0,"9":0,"10":0},"f":{"0":1,"1":2,"2":0,"3":0,"4":0},"b":{"0":[0,1]},"_coverageSchema":"1a1c01bbd47fc00a2c39e90264f33305004495a9","hash":"b415f9e144a283266c1f915023c768dd0fd5f65e"}
}
